Arguments: 
  C:\Program Files\nodejs\node.exe C:\Program Files (x86)\Yarn\bin\yarn.js add vue-template-compiler -D

PATH: 
  C:\Users\l1477\Desktop\Vue-gulu\node_modules\.bin;C:\Windows\system32;C:\Windows;C:\Windows\System32\Wbem;C:\Windows\System32\WindowsPowerShell\v1.0\;C:\Windows\System32\OpenSSH\;C:\Program Files (x86)\NVIDIA Corporation\PhysX\Common;C:\Program Files\nodejs\;C:\Program Files (x86)\Yarn\bin\;C:\Program Files\TortoiseSVN\bin;C:\Program Files\Git\cmd;C:\Users\l1477\AppData\Local\Microsoft\WindowsApps;C:\Program Files\Bandizip\;C:\Program Files\JetBrains\WebStorm 2019.2.4\bin;C:\Users\l1477\AppData\Roaming\npm;C:\Users\l1477\AppData\Local\Programs\Microsoft VS Code\bin;C:\Users\l1477\AppData\Local\Yarn\bin;C:\Users\l1477\AppData\Local\BypassRuntm

Yarn version: 
  1.19.1

Node version: 
  12.13.0

Platform: 
  win32 x64

Trace: 
  Error: EPERM: operation not permitted, unlink 'C:\Users\l1477\Desktop\Vue-gulu\node_modules\deasync\bin\win32-x64-node-12\deasync.node'

npm manifest: 
  {
    "name": "gulu",
    "version": "0.0.1",
    "description": "这是一个Vue UI",
    "main": "index.js",
    "scripts": {
      "test": "echo \"Error: no test specified\" && exit 1"
    },
    "repository": "git+https://github.com/showyouhappiness/Vue-gulu.git",
    "keywords": [
      "vue",
      "ui"
    ],
    "author": "yongjunLi",
    "license": "MIT",
    "bugs": {
      "url": "https://github.com/showyouhappiness/Vue-gulu/issues"
    },
    "homepage": "https://github.com/showyouhappiness/Vue-gulu#readme",
    "dependencies": {
      "vue": "^2.6.12",
      "vue-hot-reload-api": "^2.3.4"
    },
    "devDependencies": {
      "@vue/component-compiler-utils": "^3.2.0",
      "chai": "^4.2.0",
      "node-sass": "^5.0.0",
      "parcel-bundler": "^1.12.4",
      "sass-loader": "^10.0.5",
      "vue-template-compiler": "^2.6.12"
    },
    "alias": {
      "vue": "./node_modules/vue/dist/vue.common.js"
    }
  }

yarn manifest: 
  No manifest

Lockfile: 
  # THIS IS AN AUTOGENERATED FILE. DO NOT EDIT THIS FILE DIRECTLY.
  # yarn lockfile v1
  
  
  vue@^2.6.12:
    version "2.6.12"
    resolved "https://registry.yarnpkg.com/vue/-/vue-2.6.12.tgz#f5ebd4fa6bd2869403e29a896aed4904456c9123"
    integrity sha512-uhmLFETqPPNyuLLbsKz6ioJ4q7AZHzD8ZVFNATNyICSZouqP2Sz0rotWQC8UNBF6VGSCs5abnKJoStA6JbCbfg==
